2014-10-23 22:54:45.307 OpenSCAD[58444:507]   compiled module: 0x101f7e130
2014-10-23 22:54:45.309 OpenSCAD[58444:507] ECHO: "LogoBot/"
2014-10-23 22:54:45.309 OpenSCAD[58444:507] ECHO: "LogoBotBase.stl"
2014-10-23 22:54:45.310 OpenSCAD[58444:507] ECHO: "Step_1: Connect the breadboard assembly to the underside of the base"
2014-10-23 22:54:45.310 OpenSCAD[58444:507] ECHO: "View_1: 400 300 0 17 12 112 0 222 513"
2014-10-23 22:54:45.311 OpenSCAD[58444:507] ECHO: "Breadboard/"
2014-10-23 22:54:45.312 OpenSCAD[58444:507] ECHO: "Breadboard_170"
2014-10-23 22:54:45.316 OpenSCAD[58444:507] ECHO: "Step_1: Push the Arduino onto the breadboard - make sure you position it correctly, as it's a tight fit with the Robot base!"
2014-10-23 22:54:45.317 OpenSCAD[58444:507] ECHO: "View_1: 400 300 21 17 9 62 0 218 316"
2014-10-23 22:54:45.318 OpenSCAD[58444:507] ECHO: "/Breadboard"
2014-10-23 22:54:45.319 OpenSCAD[58444:507] ECHO: "Step_2: Connect the two bumper assemblies"
2014-10-23 22:54:45.319 OpenSCAD[58444:507] ECHO: "View_2: 400 300 -6 7 19 64 1 212 625"
2014-10-23 22:54:45.322 OpenSCAD[58444:507] ECHO: "Step_3: Connect the two wheel assemblies"
2014-10-23 22:54:45.322 OpenSCAD[58444:507] ECHO: "View_3: 400 300 -6 7 19 64 1 212 625"
2014-10-23 22:54:45.323 OpenSCAD[58444:507] ECHO: "Wheel/"
2014-10-23 22:54:45.323 OpenSCAD[58444:507] ECHO: "Step_1: Push the wheel onto the motor shaft"
2014-10-23 22:54:45.324 OpenSCAD[58444:507] ECHO: "View_1: 400 300 -0.4 0.2 0.7 349 125 180 415"
2014-10-23 22:54:45.324 OpenSCAD[58444:507] ECHO: "Wheel.stl"
2014-10-23 22:54:45.325 OpenSCAD[58444:507] ECHO: "/Wheel"
2014-10-23 22:54:45.325 OpenSCAD[58444:507] ECHO: "Wheel/"
2014-10-23 22:54:45.326 OpenSCAD[58444:507] ECHO: "Step_1: Push the wheel onto the motor shaft"
2014-10-23 22:54:45.326 OpenSCAD[58444:507] ECHO: "View_1: 400 300 -0.4 0.2 0.7 349 125 180 415"
2014-10-23 22:54:45.327 OpenSCAD[58444:507] ECHO: "Wheel.stl"
2014-10-23 22:54:45.327 OpenSCAD[58444:507] ECHO: "/Wheel"
2014-10-23 22:54:45.327 OpenSCAD[58444:507] ECHO: "Step_4: Push the two motor drivers onto the mounting posts"
2014-10-23 22:54:45.328 OpenSCAD[58444:507] ECHO: "View_4: 400 300 -6 7 19 64 1 212 625"
2014-10-23 22:54:45.330 OpenSCAD[58444:507] ECHO: "Step_5: Clip in the battery pack"
2014-10-23 22:54:45.330 OpenSCAD[58444:507] ECHO: "View_5: 400 300 -6 7 19 64 1 212 625"
2014-10-23 22:54:45.330 OpenSCAD[58444:507] ECHO: "Step_6: Clip the LED into place"
2014-10-23 22:54:45.331 OpenSCAD[58444:507] ECHO: "View_6: 400 300 -6 7 19 64 1 212 625"
2014-10-23 22:54:45.331 OpenSCAD[58444:507] ECHO: "Step_7: Clip the piezo sounder into place"
2014-10-23 22:54:45.332 OpenSCAD[58444:507] ECHO: "View_7: 400 300 -6 7 19 64 1 212 625"
2014-10-23 22:54:45.332 OpenSCAD[58444:507] ECHO: "Step_8: Push the caster assembly into the base so that it snaps into place"
2014-10-23 22:54:45.332 OpenSCAD[58444:507] ECHO: "View_8: 400 300 -6 7 19 115 1 26 625"
2014-10-23 22:54:45.333 OpenSCAD[58444:507] WARNING: Ignoring unknown variable 'Explode'.
2014-10-23 22:54:45.333 OpenSCAD[58444:507] ECHO: "MarbleCaster/"
2014-10-23 22:54:45.334 OpenSCAD[58444:507] ECHO: "MarbleCaster.stl"
2014-10-23 22:54:45.334 OpenSCAD[58444:507] ECHO: "Step_1: Insert the marble into the printed housing"
2014-10-23 22:54:45.334 OpenSCAD[58444:507] ECHO: "View_1: 300 200 0.67 0 -15 108 0 91 261"
2014-10-23 22:54:45.335 OpenSCAD[58444:507] ECHO: "Marble_16mm"
2014-10-23 22:54:45.335 OpenSCAD[58444:507] ECHO: "/MarbleCaster"
2014-10-23 22:54:45.336 OpenSCAD[58444:507] ECHO: "Step_9: Push the shell down onto the base and twist to lock into place"
2014-10-23 22:54:45.336 OpenSCAD[58444:507] ECHO: "View_9: 400 300 -6 7 19 64 1 212 625"
2014-10-23 22:54:45.337 OpenSCAD[58444:507] ECHO: "/LogoBot"
2014-10-23 22:54:57.154 OpenSCAD[58444:507] Compiling design (CSG Products normalization)...
2014-10-23 22:54:57.154 OpenSCAD[58444:507] Normalized CSG tree has 271 elements
